#
# A fatal error has been detected by the Java Runtime Environment:
#
#  Internal Error (javaClasses.cpp:129), pid=5036, tid=1400
#  fatal error: Invalid layout of preloaded class
#
# JRE version: 7.0_09-b05
# Java VM: Java HotSpot(TM) 64-Bit Server VM (23.5-b02 mixed mode windows-amd64 compressed oops)
# Failed to write core dump. Minidumps are not enabled by default on client versions of Windows
#
# If you would like to submit a bug report, please visit:
#   http://bugreport.sun.com/bugreport/crash.jsp
#

---------------  T H R E A D  ---------------

Current thread (0x00000000002bc800):  JavaThread "Unknown thread" [_thread_in_vm, id=1400, stack(0x0000000002680000,0x0000000002780000)]

Stack: [0x0000000002680000,0x0000000002780000]

---------------  P R O C E S S  ---------------

Java Threads: ( => current thread )

Other Threads:

=>0x00000000002bc800 (exited) JavaThread "Unknown thread" [_thread_in_vm, id=1400, stack(0x0000000002680000,0x0000000002780000)]

VM state:not at safepoint (not fully initialized)

VM Mutex/Monitor currently owned by a thread: None

GC Heap History (0 events):
No events

Deoptimization events (0 events):
No events

Internal exceptions (0 events):
No events

Events (10 events):
Event: 0.011 loading class 0x00000000024dfc50 done
Event: 0.011 loading class 0x00000000024a2090 done
Event: 0.011 loading class 0x00000000024a2060
Event: 0.011 loading class 0x000000000252f0d0
Event: 0.011 loading class 0x000000000252f0d0 done
Event: 0.011 loading class 0x000000000252f110
Event: 0.011 loading class 0x000000000252f110 done
Event: 0.011 loading class 0x000000000a0bf8c0
Event: 0.011 loading class 0x000000000a0bf8c0 done
Event: 0.011 loading class 0x00000000024a2060 done


Dynamic libraries:
0x000000013f7d0000 - 0x000000013f804000 	C:\Program Files\Java\jre7\bin\javaw.exe
0x0000000076f30000 - 0x00000000770d9000 	C:\Windows\SYSTEM32\ntdll.dll
0x0000000076d10000 - 0x0000000076e2f000 	C:\Windows\system32\kernel32.dll
0x000007fefd1e0000 - 0x000007fefd24b000 	C:\Windows\system32\KERNELBASE.dll
0x000007fefd4e0000 - 0x000007fefd5bb000 	C:\Windows\system32\ADVAPI32.dll
0x000007fefda70000 - 0x000007fefdb0f000 	C:\Windows\system32\msvcrt.dll
0x000007fefd4c0000 - 0x000007fefd4df000 	C:\Windows\SYSTEM32\sechost.dll
0x000007fefeb40000 - 0x000007fefec6d000 	C:\Windows\system32\RPCRT4.dll
0x0000000076e30000 - 0x0000000076f2a000 	C:\Windows\system32\USER32.dll
0x000007feff1d0000 - 0x000007feff237000 	C:\Windows\system32\GDI32.dll
0x000007fefeb20000 - 0x000007fefeb2e000 	C:\Windows\system32\LPK.dll
0x000007fefecc0000 - 0x000007fefed89000 	C:\Windows\system32\USP10.dll
0x000007fefb4f0000 - 0x000007fefb6e4000 	C:\Windows\WinSxS\amd64_microsoft.windows.common-controls_6595b64144ccf1df_6.0.7601.17514_none_fa396087175ac9ac\COMCTL32.dll
0x000007fefdb90000 - 0x000007fefdc01000 	C:\Windows\system32\SHLWAPI.dll
0x000007fefd700000 - 0x000007fefd72e000 	C:\Windows\system32\IMM32.DLL
0x000007fefd2b0000 - 0x000007fefd3b9000 	C:\Windows\system32\MSCTF.dll
0x000000006f4b0000 - 0x000000006f581000 	C:\Program Files\Java\jre7\bin\msvcr100.dll
0x000000006ed90000 - 0x000000006f4af000 	C:\Program Files\Java\jre7\bin\server\jvm.dll
0x000007fef8310000 - 0x000007fef8319000 	C:\Windows\system32\WSOCK32.dll
0x000007fefec70000 - 0x000007fefecbd000 	C:\Windows\system32\WS2_32.dll
0x000007fefeb30000 - 0x000007fefeb38000 	C:\Windows\system32\NSI.dll
0x000007fef5ab0000 - 0x000007fef5aeb000 	C:\Windows\system32\WINMM.dll
0x0000000077100000 - 0x0000000077107000 	C:\Windows\system32\PSAPI.DLL
0x000000006f660000 - 0x000000006f66f000 	C:\Program Files\Java\jre7\bin\verify.dll
0x000000006f630000 - 0x000000006f658000 	C:\Program Files\Java\jre7\bin\java.dll
0x000000006f610000 - 0x000000006f625000 	C:\Program Files\Java\jre7\bin\zip.dll

VM Arguments:
jvm_args: -Dfile.encoding=UTF-8 -Xbootclasspath:C:\Users\user\development\adt-bundle-windows-x86_64\sdk\platforms\android-17\android.jar 
java_command: Main
Launcher Type: SUN_STANDARD

Environment Variables:
JAVA_HOME=C:\Program Files\Java\jdk1.7.0_09
CLASSPATH=.;C:\Program Files\Java\jdk1.7.0_09\lib\tools.jar
PATH=C:\Program Files\Common Files\Microsoft Shared\Windows Live;C:\Program Files (x86)\Common Files\Microsoft Shared\Windows Live;C:\Program Files (x86)\Wizvera\Delfino;C:\Windows\system32;C:\Windows;C:\Windows\System32\Wbem;C:\Windows\System32\WindowsPowerShell\v1.0\;C:\Program Files\Java\jdk1.7.0_09\bin;C:\Users\user\development\adt-bundle-windows-x86_64\sdk\platform-tools;C:\Program Files (x86)\Windows Live\Shared;C:\Program Files (x86)\SoftForum\CSAgentClient
USERNAME=user
OS=Windows_NT
PROCESSOR_IDENTIFIER=Intel64 Family 6 Model 37 Stepping 5, GenuineIntel



---------------  S Y S T E M  ---------------

OS: Windows 7 , 64 bit Build 7601 Service Pack 1

CPU:total 4 (2 cores per cpu, 2 threads per core) family 6 model 37 stepping 5, cmov, cx8, fxsr, mmx, sse, sse2, sse3, ssse3, sse4.1, sse4.2, popcnt, ht, tsc, tscinvbit

Memory: 4k page, physical 6084464k(3095232k free), swap 12167084k(8631888k free)

vm_info: Java HotSpot(TM) 64-Bit Server VM (23.5-b02) for windows-amd64 JRE (1.7.0_09-b05), built on Sep 24 2012 21:45:04 by "java_re" with unknown MS VC++:1600

time: Wed Nov 27 22:17:08 2013
elapsed time: 0 seconds

